2022-06-16 11:25:46,378 INFO org.springframework.context.support.PostProcessorRegistrationDelegate$BeanPostProcessorChecker.postProcessAfterInitialization(335) [main] Bean 'org.springframework.retry.annotation.RetryConfiguration' of type [org.springframework.retry.annotation.RetryConfiguration$$EnhancerBySpringCGLIB$$cc317090] is not eligible for getting processed by all BeanPostProcessors (for example: not eligible for auto-proxying)
2022-06-16 11:25:46,650 INFO org.springframework.boot.web.embedded.tomcat.TomcatWebServer.initialize(108) [main] Tomcat initialized with port(s): 8080 (http)
2022-06-16 11:25:46,659 INFO org.apache.juli.logging.DirectJDKLog.log(173) [main] Initializing ProtocolHandler ["http-nio-8080"]
2022-06-16 11:25:46,659 INFO org.apache.juli.logging.DirectJDKLog.log(173) [main] Starting service [Tomcat]
2022-06-16 11:25:46,660 INFO org.apache.juli.logging.DirectJDKLog.log(173) [main] Starting Servlet engine: [Apache Tomcat/9.0.38]
2022-06-16 11:25:46,751 INFO org.apache.juli.logging.DirectJDKLog.log(173) [main] Initializing Spring embedded WebApplicationContext
2022-06-16 11:25:46,751 INFO org.springframework.boot.web.servlet.context.ServletWebServerApplicationContext.prepareWebApplicationContext(285) [main] Root WebApplicationContext: initialization completed in 1277 ms
2022-06-16 11:25:46,844 INFO com.zaxxer.hikari.HikariDataSource.getConnection(110) [main] HikariPool-1 - Starting...
2022-06-16 11:25:46,990 INFO com.zaxxer.hikari.HikariDataSource.getConnection(123) [main] HikariPool-1 - Start completed.
2022-06-16 11:25:46,995 INFO org.springframework.boot.autoconfigure.h2.H2ConsoleAutoConfiguration.lambda$h2Console$0(74) [main] H2 console available at '/h2-console'. Database available at 'jdbc:h2:file:~/eotm_database'
2022-06-16 11:25:47,154 INFO org.hibernate.jpa.internal.util.LogHelper.logPersistenceUnitInformation(31) [main] HHH000204: Processing PersistenceUnitInfo [name: default]
2022-06-16 11:25:47,189 INFO org.hibernate.Version.logVersion(44) [main] HHH000412: Hibernate ORM core version 5.4.21.Final
2022-06-16 11:25:47,285 INFO org.hibernate.annotations.common.reflection.java.JavaReflectionManager.<clinit>(49) [main] HCANN000001: Hibernate Commons Annotations {5.1.0.Final}
2022-06-16 11:25:47,385 INFO org.hibernate.dialect.Dialect.<init>(170) [main] HHH000400: Using dialect: org.hibernate.dialect.H2Dialect
2022-06-16 11:25:48,108 INFO org.hibernate.engine.transaction.jta.platform.internal.JtaPlatformInitiator.initiateService(52) [main] HHH000490: Using JtaPlatform implementation: [org.hibernate.engine.transaction.jta.platform.internal.NoJtaPlatform]
2022-06-16 11:25:48,113 INFO org.springframework.orm.jpa.AbstractEntityManagerFactoryBean.buildNativeEntityManagerFactory(416) [main] Initialized JPA EntityManagerFactory for persistence unit 'default'
2022-06-16 11:25:48,673 WARN org.springframework.boot.autoconfigure.orm.jpa.JpaBaseConfiguration$JpaWebConfiguration.openEntityManagerInViewInterceptor(220) [main] spring.jpa.open-in-view is enabled by default. Therefore, database queries may be performed during view rendering. Explicitly configure spring.jpa.open-in-view to disable this warning
2022-06-16 11:25:48,789 INFO org.springframework.security.web.DefaultSecurityFilterChain.<init>(43) [main] Creating filter chain: any request, [org.springframework.security.web.context.request.async.WebAsyncManagerIntegrationFilter@5afaae7e, org.springframework.security.web.context.SecurityContextPersistenceFilter@ccea4be, org.springframework.security.web.header.HeaderWriterFilter@7be9e9fc, org.springframework.web.filter.CorsFilter@7364073b, org.springframework.security.web.authentication.logout.LogoutFilter@c22cf4d, eye.on.the.money.security.AuthenticationFilter@50331591, eye.on.the.money.security.AuthorizationFilter@5cfde2a4, org.springframework.security.web.savedrequest.RequestCacheAwareFilter@528ef230, org.springframework.security.web.servletapi.SecurityContextHolderAwareRequestFilter@45689582, org.springframework.security.web.authentication.AnonymousAuthenticationFilter@53fb3e1b, org.springframework.security.web.session.SessionManagementFilter@452d6fd, org.springframework.security.web.access.ExceptionTranslationFilter@72fa021, org.springframework.security.web.access.intercept.FilterSecurityInterceptor@c040c8d]
2022-06-16 11:25:48,883 INFO org.springframework.scheduling.concurrent.ExecutorConfigurationSupport.initialize(181) [main] Initializing ExecutorService 'applicationTaskExecutor'
2022-06-16 11:25:48,950 INFO org.springframework.boot.autoconfigure.web.servlet.WelcomePageHandlerMapping.<init>(54) [main] Adding welcome page: class path resource [public/index.html]
2022-06-16 11:25:49,090 INFO org.springframework.boot.actuate.endpoint.web.EndpointLinksResolver.<init>(58) [main] Exposing 2 endpoint(s) beneath base path '/actuator'
2022-06-16 11:25:49,108 INFO org.apache.juli.logging.DirectJDKLog.log(173) [main] Starting ProtocolHandler ["http-nio-8080"]
2022-06-16 11:25:49,126 INFO org.springframework.boot.web.embedded.tomcat.TomcatWebServer.start(220) [main] Tomcat started on port(s): 8080 (http) with context path ''
2022-06-16 11:25:49,135 INFO org.springframework.boot.StartupInfoLogger.logStarted(61) [main] Started EotmApplication in 4.016 seconds (JVM running for 4.332)
